c:\users\batek\documents\github\jumpingfrog\jumpingfrog\x64\debug\vc143.pdb
c:\users\batek\documents\github\jumpingfrog\jumpingfrog\x64\debug\vc143.idb
c:\users\batek\documents\github\jumpingfrog\jumpingfrog\x64\debug\loadsettings.obj
c:\users\batek\documents\github\jumpingfrog\jumpingfrog\x64\debug\loadmap.obj
c:\users\batek\documents\github\jumpingfrog\jumpingfrog\x64\debug\main.obj
c:\users\batek\documents\github\jumpingfrog\jumpingfrog\x64\debug\maintimer.obj
c:\users\batek\documents\github\jumpingfrog\jumpingfrog\x64\debug\cars.obj
c:\users\batek\documents\github\jumpingfrog\jumpingfrog\x64\debug\functions.obj
c:\users\batek\documents\github\jumpingfrog\x64\debug\jumpingfrog.exe
c:\users\batek\documents\github\jumpingfrog\x64\debug\jumpingfrog.pdb
c:\users\batek\documents\github\jumpingfrog\jumpingfrog\x64\debug\jumpingfrog.ilk
c:\users\batek\documents\github\jumpingfrog\jumpingfrog\x64\debug\filescontroller.obj
c:\users\batek\documents\github\jumpingfrog\jumpingfrog\x64\debug\jumpingfrog.obj
c:\users\batek\documents\github\jumpingfrog\jumpingfrog\x64\debug\cars.obj.enc
c:\users\batek\documents\github\jumpingfrog\jumpingfrog\x64\debug\functions.obj.enc
c:\users\batek\documents\github\jumpingfrog\jumpingfrog\x64\debug\main.obj.enc
c:\users\batek\documents\github\jumpingfrog\jumpingfrog\x64\debug\jumpingfrog.tlog\cl.command.1.tlog
c:\users\batek\documents\github\jumpingfrog\jumpingfrog\x64\debug\jumpingfrog.tlog\cl.items.tlog
c:\users\batek\documents\github\jumpingfrog\jumpingfrog\x64\debug\jumpingfrog.tlog\cl.read.1.tlog
c:\users\batek\documents\github\jumpingfrog\jumpingfrog\x64\debug\jumpingfrog.tlog\cl.write.1.tlog
c:\users\batek\documents\github\jumpingfrog\jumpingfrog\x64\debug\jumpingfrog.tlog\link.command.1.tlog
c:\users\batek\documents\github\jumpingfrog\jumpingfrog\x64\debug\jumpingfrog.tlog\link.read.1.tlog
c:\users\batek\documents\github\jumpingfrog\jumpingfrog\x64\debug\jumpingfrog.tlog\link.secondary.1.tlog
c:\users\batek\documents\github\jumpingfrog\jumpingfrog\x64\debug\jumpingfrog.tlog\link.write.1.tlog
